{"D:\\File\\File Downloads\\SEM 6\\PSO\\CICD Proj\\restaurant-management\\restaurant-management\\server\\src\\config.ts": {"path":"D:\\File\\File Downloads\\SEM 6\\PSO\\CICD Proj\\restaurant-management\\restaurant-management\\server\\src\\config.ts","statementMap":{"0":{"start":{"line":1,"column":0},"end":{"line":1,"column":19}},"1":{"start":{"line":2,"column":0},"end":{"line":2,"column":23}},"2":{"start":{"line":3,"column":0},"end":{"line":3,"column":19}},"3":{"start":{"line":4,"column":0},"end":{"line":4,"column":31}},"4":{"start":{"line":6,"column":16},"end":{"line":6,"column":36}},"5":{"start":{"line":7,"column":0},"end":{"line":11,"column":1}},"6":{"start":{"line":8,"column":2},"end":{"line":10,"column":null}},"7":{"start":{"line":13,"column":21},"end":{"line":41,"column":2}},"8":{"start":{"line":38,"column":24},"end":{"line":38,"column":38}},"9":{"start":{"line":43,"column":21},"end":{"line":43,"column":56}},"10":{"start":{"line":45,"column":0},"end":{"line":48,"column":1}},"11":{"start":{"line":46,"column":2},"end":{"line":46,"column":null}},"12":{"start":{"line":47,"column":2},"end":{"line":47,"column":null}},"13":{"start":{"line":50,"column":18},"end":{"line":50,"column":35}},"14":{"start":{"line":51,"column":13},"end":{"line":53,"column":null}},"15":{"start":{"line":54,"column":13},"end":{"line":54,"column":null}},"16":{"start":{"line":55,"column":0},"end":{"line":55,"column":null}}},"fnMap":{"0":{"name":"(anonymous_1)","decl":{"start":{"line":38,"column":15},"end":{"line":38,"column":16}},"loc":{"start":{"line":38,"column":24},"end":{"line":38,"column":38}}}},"branchMap":{"0":{"loc":{"start":{"line":7,"column":0},"end":{"line":11,"column":1}},"type":"if","locations":[{"start":{"line":7,"column":0},"end":{"line":11,"column":1}},{"start":{},"end":{}}]},"1":{"loc":{"start":{"line":45,"column":0},"end":{"line":48,"column":1}},"type":"if","locations":[{"start":{"line":45,"column":0},"end":{"line":48,"column":1}},{"start":{},"end":{}}]},"2":{"loc":{"start":{"line":51,"column":23},"end":{"line":53,"column":67}},"type":"cond-expr","locations":[{"start":{"line":52,"column":4},"end":{"line":52,"column":28}},{"start":{"line":53,"column":4},"end":{"line":53,"column":67}}]}},"s":{"0":1,"1":1,"2":1,"3":1,"4":1,"5":1,"6":1,"7":1,"8":1,"9":1,"10":1,"11":0,"12":0,"13":1,"14":1,"15":1,"16":1},"f":{"0":1},"b":{"0":[1,0],"1":[0,1],"2":[0,1]}}
,"D:\\File\\File Downloads\\SEM 6\\PSO\\CICD Proj\\restaurant-management\\restaurant-management\\server\\src\\constants\\error-reference.ts": {"path":"D:\\File\\File Downloads\\SEM 6\\PSO\\CICD Proj\\restaurant-management\\restaurant-management\\server\\src\\constants\\error-reference.ts","statementMap":{"0":{"start":{"line":1,"column":13},"end":{"line":4,"column":null}}},"fnMap":{},"branchMap":{},"s":{"0":1},"f":{},"b":{}}
,"D:\\File\\File Downloads\\SEM 6\\PSO\\CICD Proj\\restaurant-management\\restaurant-management\\server\\src\\constants\\type.ts": {"path":"D:\\File\\File Downloads\\SEM 6\\PSO\\CICD Proj\\restaurant-management\\restaurant-management\\server\\src\\constants\\type.ts","statementMap":{"0":{"start":{"line":1,"column":13},"end":{"line":6,"column":null}},"1":{"start":{"line":8,"column":13},"end":{"line":12,"column":null}},"2":{"start":{"line":14,"column":13},"end":{"line":14,"column":null}},"3":{"start":{"line":16,"column":13},"end":{"line":20,"column":null}},"4":{"start":{"line":22,"column":13},"end":{"line":22,"column":null}},"5":{"start":{"line":24,"column":13},"end":{"line":28,"column":null}},"6":{"start":{"line":30,"column":13},"end":{"line":30,"column":null}},"7":{"start":{"line":32,"column":13},"end":{"line":38,"column":null}},"8":{"start":{"line":40,"column":13},"end":{"line":46,"column":null}},"9":{"start":{"line":48,"column":13},"end":{"line":48,"column":null}}},"fnMap":{},"branchMap":{},"s":{"0":2,"1":2,"2":2,"3":2,"4":2,"5":2,"6":2,"7":2,"8":2,"9":2},"f":{},"b":{}}
,"D:\\File\\File Downloads\\SEM 6\\PSO\\CICD Proj\\restaurant-management\\restaurant-management\\server\\src\\utils\\crypto.ts": {"path":"D:\\File\\File Downloads\\SEM 6\\PSO\\CICD Proj\\restaurant-management\\restaurant-management\\server\\src\\utils\\crypto.ts","statementMap":{"0":{"start":{"line":1,"column":0},"end":{"line":1,"column":27}},"1":{"start":{"line":2,"column":19},"end":{"line":2,"column":21}},"2":{"start":{"line":4,"column":28},"end":{"line":4,"column":89}},"3":{"start":{"line":4,"column":56},"end":{"line":4,"column":89}},"4":{"start":{"line":4,"column":13},"end":{"line":4,"column":28}},"5":{"start":{"line":6,"column":31},"end":{"line":6,"column":103}},"6":{"start":{"line":6,"column":73},"end":{"line":6,"column":103}},"7":{"start":{"line":6,"column":13},"end":{"line":6,"column":31}}},"fnMap":{"0":{"name":"(anonymous_1)","decl":{"start":{"line":4,"column":28},"end":{"line":4,"column":33}},"loc":{"start":{"line":4,"column":56},"end":{"line":4,"column":89}}},"1":{"name":"(anonymous_2)","decl":{"start":{"line":6,"column":31},"end":{"line":6,"column":36}},"loc":{"start":{"line":6,"column":73},"end":{"line":6,"column":103}}}},"branchMap":{},"s":{"0":1,"1":1,"2":1,"3":3,"4":1,"5":1,"6":2,"7":1},"f":{"0":3,"1":2},"b":{}}
,"D:\\File\\File Downloads\\SEM 6\\PSO\\CICD Proj\\restaurant-management\\restaurant-management\\server\\src\\utils\\helpers.ts": {"path":"D:\\File\\File Downloads\\SEM 6\\PSO\\CICD Proj\\restaurant-management\\restaurant-management\\server\\src\\utils\\helpers.ts","statementMap":{"0":{"start":{"line":1,"column":0},"end":{"line":1,"column":19}},"1":{"start":{"line":2,"column":0},"end":{"line":2,"column":27}},"2":{"start":{"line":4,"column":24},"end":{"line":4,"column":67}},"3":{"start":{"line":4,"column":30},"end":{"line":4,"column":67}},"4":{"start":{"line":4,"column":13},"end":{"line":4,"column":24}},"5":{"start":{"line":5,"column":28},"end":{"line":9,"column":1}},"6":{"start":{"line":6,"column":2},"end":{"line":8,"column":3}},"7":{"start":{"line":7,"column":4},"end":{"line":7,"column":null}},"8":{"start":{"line":5,"column":13},"end":{"line":5,"column":28}},"9":{"start":{"line":11,"column":24},"end":{"line":14,"column":1}},"10":{"start":{"line":12,"column":16},"end":{"line":12,"column":47}},"11":{"start":{"line":13,"column":2},"end":{"line":13,"column":null}},"12":{"start":{"line":11,"column":13},"end":{"line":11,"column":24}}},"fnMap":{"0":{"name":"(anonymous_1)","decl":{"start":{"line":4,"column":24},"end":{"line":4,"column":27}},"loc":{"start":{"line":4,"column":30},"end":{"line":4,"column":67}}},"1":{"name":"(anonymous_2)","decl":{"start":{"line":5,"column":28},"end":{"line":5,"column":29}},"loc":{"start":{"line":5,"column":51},"end":{"line":9,"column":1}}},"2":{"name":"(anonymous_3)","decl":{"start":{"line":11,"column":24},"end":{"line":11,"column":29}},"loc":{"start":{"line":11,"column":35},"end":{"line":14,"column":1}}}},"branchMap":{"0":{"loc":{"start":{"line":6,"column":2},"end":{"line":8,"column":3}},"type":"if","locations":[{"start":{"line":6,"column":2},"end":{"line":8,"column":3}},{"start":{},"end":{}}]}},"s":{"0":1,"1":1,"2":1,"3":2,"4":1,"5":1,"6":2,"7":1,"8":1,"9":1,"10":0,"11":0,"12":1},"f":{"0":2,"1":2,"2":0},"b":{"0":[1,1]}}
,"D:\\File\\File Downloads\\SEM 6\\PSO\\CICD Proj\\restaurant-management\\restaurant-management\\server\\src\\utils\\jwt.ts": {"path":"D:\\File\\File Downloads\\SEM 6\\PSO\\CICD Proj\\restaurant-management\\restaurant-management\\server\\src\\utils\\jwt.ts","statementMap":{"0":{"start":{"line":1,"column":0},"end":{"line":1,"column":32}},"1":{"start":{"line":2,"column":0},"end":{"line":2,"column":44}},"2":{"start":{"line":4,"column":0},"end":{"line":4,"column":82}},"3":{"start":{"line":5,"column":0},"end":{"line":5,"column":19}},"4":{"start":{"line":7,"column":31},"end":{"line":28,"column":1}},"5":{"start":{"line":13,"column":18},"end":{"line":13,"column":25}},"6":{"start":{"line":14,"column":87},"end":{"line":25,"column":null}},"7":{"start":{"line":26,"column":19},"end":{"line":26,"column":45}},"8":{"start":{"line":27,"column":2},"end":{"line":27,"column":null}},"9":{"start":{"line":7,"column":13},"end":{"line":7,"column":31}},"10":{"start":{"line":30,"column":32},"end":{"line":51,"column":1}},"11":{"start":{"line":36,"column":18},"end":{"line":36,"column":25}},"12":{"start":{"line":37,"column":87},"end":{"line":48,"column":null}},"13":{"start":{"line":49,"column":19},"end":{"line":49,"column":45}},"14":{"start":{"line":50,"column":2},"end":{"line":50,"column":null}},"15":{"start":{"line":30,"column":13},"end":{"line":30,"column":32}},"16":{"start":{"line":53,"column":33},"end":{"line":58,"column":1}},"17":{"start":{"line":54,"column":21},"end":{"line":56,"column":4}},"18":{"start":{"line":57,"column":2},"end":{"line":57,"column":null}},"19":{"start":{"line":53,"column":13},"end":{"line":53,"column":33}},"20":{"start":{"line":60,"column":34},"end":{"line":65,"column":1}},"21":{"start":{"line":61,"column":21},"end":{"line":63,"column":4}},"22":{"start":{"line":64,"column":2},"end":{"line":64,"column":null}},"23":{"start":{"line":60,"column":13},"end":{"line":60,"column":34}}},"fnMap":{"0":{"name":"(anonymous_1)","decl":{"start":{"line":7,"column":31},"end":{"line":7,"column":null}},"loc":{"start":{"line":12,"column":4},"end":{"line":28,"column":1}}},"1":{"name":"(anonymous_2)","decl":{"start":{"line":30,"column":32},"end":{"line":30,"column":null}},"loc":{"start":{"line":35,"column":4},"end":{"line":51,"column":1}}},"2":{"name":"(anonymous_3)","decl":{"start":{"line":53,"column":33},"end":{"line":53,"column":34}},"loc":{"start":{"line":53,"column":51},"end":{"line":58,"column":1}}},"3":{"name":"(anonymous_4)","decl":{"start":{"line":60,"column":34},"end":{"line":60,"column":35}},"loc":{"start":{"line":60,"column":52},"end":{"line":65,"column":1}}}},"branchMap":{"0":{"loc":{"start":{"line":14,"column":87},"end":{"line":25,"column":null}},"type":"cond-expr","locations":[{"start":{"line":15,"column":6},"end":{"line":19,"column":null}},{"start":{"line":20,"column":6},"end":{"line":25,"column":null}}]},"1":{"loc":{"start":{"line":37,"column":87},"end":{"line":48,"column":null}},"type":"cond-expr","locations":[{"start":{"line":38,"column":6},"end":{"line":42,"column":null}},{"start":{"line":43,"column":6},"end":{"line":48,"column":null}}]}},"s":{"0":1,"1":1,"2":1,"3":1,"4":1,"5":2,"6":2,"7":2,"8":2,"9":1,"10":1,"11":2,"12":2,"13":2,"14":2,"15":1,"16":1,"17":2,"18":2,"19":1,"20":1,"21":2,"22":2,"23":1},"f":{"0":2,"1":2,"2":2,"3":2},"b":{"0":[1,1],"1":[1,1]}}
}
