{"D:\\File\\File Downloads\\SEM 6\\PSO\\CICD Proj\\restaurant-management\\restaurant-management\\server\\src\\config.ts": {"path":"D:\\File\\File Downloads\\SEM 6\\PSO\\CICD Proj\\restaurant-management\\restaurant-management\\server\\src\\config.ts","statementMap":{"0":{"start":{"line":1,"column":0},"end":{"line":1,"column":19}},"1":{"start":{"line":2,"column":0},"end":{"line":2,"column":23}},"2":{"start":{"line":3,"column":0},"end":{"line":3,"column":19}},"3":{"start":{"line":4,"column":0},"end":{"line":4,"column":31}},"4":{"start":{"line":6,"column":16},"end":{"line":6,"column":36}},"5":{"start":{"line":7,"column":0},"end":{"line":11,"column":1}},"6":{"start":{"line":8,"column":2},"end":{"line":10,"column":null}},"7":{"start":{"line":13,"column":21},"end":{"line":41,"column":2}},"8":{"start":{"line":38,"column":24},"end":{"line":38,"column":38}},"9":{"start":{"line":43,"column":21},"end":{"line":43,"column":56}},"10":{"start":{"line":45,"column":0},"end":{"line":48,"column":1}},"11":{"start":{"line":46,"column":2},"end":{"line":46,"column":null}},"12":{"start":{"line":47,"column":2},"end":{"line":47,"column":null}},"13":{"start":{"line":50,"column":18},"end":{"line":50,"column":35}},"14":{"start":{"line":51,"column":13},"end":{"line":53,"column":null}},"15":{"start":{"line":54,"column":13},"end":{"line":54,"column":null}},"16":{"start":{"line":55,"column":0},"end":{"line":55,"column":null}}},"fnMap":{"0":{"name":"(anonymous_1)","decl":{"start":{"line":38,"column":15},"end":{"line":38,"column":16}},"loc":{"start":{"line":38,"column":24},"end":{"line":38,"column":38}}}},"branchMap":{"0":{"loc":{"start":{"line":7,"column":0},"end":{"line":11,"column":1}},"type":"if","locations":[{"start":{"line":7,"column":0},"end":{"line":11,"column":1}},{"start":{},"end":{}}]},"1":{"loc":{"start":{"line":45,"column":0},"end":{"line":48,"column":1}},"type":"if","locations":[{"start":{"line":45,"column":0},"end":{"line":48,"column":1}},{"start":{},"end":{}}]},"2":{"loc":{"start":{"line":51,"column":23},"end":{"line":53,"column":67}},"type":"cond-expr","locations":[{"start":{"line":52,"column":4},"end":{"line":52,"column":28}},{"start":{"line":53,"column":4},"end":{"line":53,"column":67}}]}},"s":{"0":5,"1":5,"2":5,"3":5,"4":5,"5":5,"6":5,"7":5,"8":5,"9":5,"10":5,"11":0,"12":0,"13":5,"14":5,"15":5,"16":5},"f":{"0":5},"b":{"0":[5,0],"1":[0,5],"2":[0,5]}}
,"D:\\File\\File Downloads\\SEM 6\\PSO\\CICD Proj\\restaurant-management\\restaurant-management\\server\\src\\constants\\error-reference.ts": {"path":"D:\\File\\File Downloads\\SEM 6\\PSO\\CICD Proj\\restaurant-management\\restaurant-management\\server\\src\\constants\\error-reference.ts","statementMap":{"0":{"start":{"line":1,"column":13},"end":{"line":4,"column":null}}},"fnMap":{},"branchMap":{},"s":{"0":1},"f":{},"b":{}}
,"D:\\File\\File Downloads\\SEM 6\\PSO\\CICD Proj\\restaurant-management\\restaurant-management\\server\\src\\constants\\type.ts": {"path":"D:\\File\\File Downloads\\SEM 6\\PSO\\CICD Proj\\restaurant-management\\restaurant-management\\server\\src\\constants\\type.ts","statementMap":{"0":{"start":{"line":1,"column":13},"end":{"line":6,"column":null}},"1":{"start":{"line":8,"column":13},"end":{"line":12,"column":null}},"2":{"start":{"line":14,"column":13},"end":{"line":14,"column":null}},"3":{"start":{"line":16,"column":13},"end":{"line":20,"column":null}},"4":{"start":{"line":22,"column":13},"end":{"line":22,"column":null}},"5":{"start":{"line":24,"column":13},"end":{"line":28,"column":null}},"6":{"start":{"line":30,"column":13},"end":{"line":30,"column":null}},"7":{"start":{"line":32,"column":13},"end":{"line":38,"column":null}},"8":{"start":{"line":40,"column":13},"end":{"line":46,"column":null}},"9":{"start":{"line":48,"column":13},"end":{"line":48,"column":null}}},"fnMap":{},"branchMap":{},"s":{"0":7,"1":7,"2":7,"3":7,"4":7,"5":7,"6":7,"7":7,"8":7,"9":7},"f":{},"b":{}}
,"D:\\File\\File Downloads\\SEM 6\\PSO\\CICD Proj\\restaurant-management\\restaurant-management\\server\\src\\controllers\\auth.controller.ts": {"path":"D:\\File\\File Downloads\\SEM 6\\PSO\\CICD Proj\\restaurant-management\\restaurant-management\\server\\src\\controllers\\auth.controller.ts","statementMap":{"0":{"start":{"line":1,"column":0},"end":{"line":1,"column":32}},"1":{"start":{"line":2,"column":0},"end":{"line":2,"column":31}},"2":{"start":{"line":5,"column":0},"end":{"line":5,"column":48}},"3":{"start":{"line":6,"column":0},"end":{"line":6,"column":68}},"4":{"start":{"line":7,"column":0},"end":{"line":7,"column":83}},"5":{"start":{"line":8,"column":0},"end":{"line":8,"column":25}},"6":{"start":{"line":10,"column":32},"end":{"line":17,"column":1}},"7":{"start":{"line":11,"column":2},"end":{"line":15,"column":null}},"8":{"start":{"line":16,"column":2},"end":{"line":16,"column":null}},"9":{"start":{"line":10,"column":13},"end":{"line":10,"column":32}},"10":{"start":{"line":19,"column":31},"end":{"line":55,"column":1}},"11":{"start":{"line":20,"column":18},"end":{"line":24,"column":4}},"12":{"start":{"line":25,"column":2},"end":{"line":27,"column":3}},"13":{"start":{"line":26,"column":4},"end":{"line":26,"column":null}},"14":{"start":{"line":28,"column":26},"end":{"line":28,"column":80}},"15":{"start":{"line":29,"column":2},"end":{"line":31,"column":3}},"16":{"start":{"line":30,"column":4},"end":{"line":30,"column":null}},"17":{"start":{"line":32,"column":22},"end":{"line":35,"column":4}},"18":{"start":{"line":36,"column":23},"end":{"line":39,"column":4}},"19":{"start":{"line":40,"column":30},"end":{"line":40,"column":62}},"20":{"start":{"line":41,"column":32},"end":{"line":41,"column":72}},"21":{"start":{"line":43,"column":2},"end":{"line":49,"column":null}},"22":{"start":{"line":50,"column":2},"end":{"line":54,"column":null}},"23":{"start":{"line":19,"column":13},"end":{"line":19,"column":31}},"24":{"start":{"line":57,"column":38},"end":{"line":98,"column":1}},"25":{"start":{"line":59,"column":2},"end":{"line":63,"column":3}},"26":{"start":{"line":60,"column":4},"end":{"line":60,"column":null}},"27":{"start":{"line":62,"column":4},"end":{"line":62,"column":null}},"28":{"start":{"line":64,"column":26},"end":{"line":71,"column":4}},"29":{"start":{"line":72,"column":18},"end":{"line":72,"column":41}},"30":{"start":{"line":73,"column":25},"end":{"line":76,"column":4}},"31":{"start":{"line":77,"column":26},"end":{"line":81,"column":4}},"32":{"start":{"line":82,"column":2},"end":{"line":86,"column":null}},"33":{"start":{"line":87,"column":2},"end":{"line":93,"column":null}},"34":{"start":{"line":94,"column":2},"end":{"line":97,"column":null}},"35":{"start":{"line":57,"column":13},"end":{"line":57,"column":38}},"36":{"start":{"line":105,"column":27},"end":{"line":126,"column":1}},"37":{"start":{"line":106,"column":15},"end":{"line":112,"column":null}},"38":{"start":{"line":113,"column":19},"end":{"line":117,"column":4}},"39":{"start":{"line":118,"column":2},"end":{"line":125,"column":null}},"40":{"start":{"line":135,"column":22},"end":{"line":154,"column":1}},"41":{"start":{"line":136,"column":19},"end":{"line":144,"column":4}},"42":{"start":{"line":145,"column":2},"end":{"line":153,"column":null}},"43":{"start":{"line":156,"column":37},"end":{"line":197,"column":1}},"44":{"start":{"line":157,"column":15},"end":{"line":157,"column":45}},"45":{"start":{"line":158,"column":37},"end":{"line":158,"column":41}},"46":{"start":{"line":159,"column":21},"end":{"line":159,"column":68}},"47":{"start":{"line":161,"column":2},"end":{"line":166,"column":3}},"48":{"start":{"line":162,"column":4},"end":{"line":165,"column":null}},"49":{"start":{"line":167,"column":18},"end":{"line":171,"column":4}},"50":{"start":{"line":172,"column":2},"end":{"line":177,"column":3}},"51":{"start":{"line":173,"column":4},"end":{"line":176,"column":null}},"52":{"start":{"line":178,"column":22},"end":{"line":181,"column":4}},"53":{"start":{"line":182,"column":23},"end":{"line":185,"column":4}},"54":{"start":{"line":187,"column":2},"end":{"line":196,"column":null}},"55":{"start":{"line":156,"column":13},"end":{"line":156,"column":37}}},"fnMap":{"0":{"name":"(anonymous_1)","decl":{"start":{"line":10,"column":32},"end":{"line":10,"column":37}},"loc":{"start":{"line":10,"column":63},"end":{"line":17,"column":1}}},"1":{"name":"(anonymous_2)","decl":{"start":{"line":19,"column":31},"end":{"line":19,"column":36}},"loc":{"start":{"line":19,"column":61},"end":{"line":55,"column":1}}},"2":{"name":"(anonymous_3)","decl":{"start":{"line":57,"column":38},"end":{"line":57,"column":43}},"loc":{"start":{"line":57,"column":69},"end":{"line":98,"column":1}}},"3":{"name":"(anonymous_4)","decl":{"start":{"line":105,"column":27},"end":{"line":105,"column":32}},"loc":{"start":{"line":105,"column":50},"end":{"line":126,"column":1}}},"4":{"name":"(anonymous_5)","decl":{"start":{"line":135,"column":22},"end":{"line":135,"column":27}},"loc":{"start":{"line":135,"column":103},"end":{"line":154,"column":1}}},"5":{"name":"(anonymous_6)","decl":{"start":{"line":156,"column":37},"end":{"line":156,"column":42}},"loc":{"start":{"line":156,"column":60},"end":{"line":197,"column":1}}}},"branchMap":{"0":{"loc":{"start":{"line":25,"column":2},"end":{"line":27,"column":3}},"type":"if","locations":[{"start":{"line":25,"column":2},"end":{"line":27,"column":3}},{"start":{},"end":{}}]},"1":{"loc":{"start":{"line":29,"column":2},"end":{"line":31,"column":3}},"type":"if","locations":[{"start":{"line":29,"column":2},"end":{"line":31,"column":3}},{"start":{},"end":{}}]},"2":{"loc":{"start":{"line":161,"column":2},"end":{"line":166,"column":3}},"type":"if","locations":[{"start":{"line":161,"column":2},"end":{"line":166,"column":3}},{"start":{},"end":{}}]},"3":{"loc":{"start":{"line":172,"column":2},"end":{"line":177,"column":3}},"type":"if","locations":[{"start":{"line":172,"column":2},"end":{"line":177,"column":3}},{"start":{},"end":{}}]}},"s":{"0":1,"1":1,"2":1,"3":1,"4":1,"5":1,"6":1,"7":1,"8":1,"9":1,"10":1,"11":3,"12":3,"13":1,"14":2,"15":2,"16":1,"17":1,"18":1,"19":1,"20":1,"21":1,"22":1,"23":1,"24":1,"25":2,"26":2,"27":1,"28":1,"29":1,"30":1,"31":1,"32":1,"33":1,"34":1,"35":1,"36":1,"37":0,"38":0,"39":0,"40":1,"41":0,"42":0,"43":1,"44":0,"45":0,"46":0,"47":0,"48":0,"49":0,"50":0,"51":0,"52":0,"53":0,"54":0,"55":1},"f":{"0":1,"1":3,"2":2,"3":0,"4":0,"5":0},"b":{"0":[1,2],"1":[1,1],"2":[0,0],"3":[0,0]}}
,"D:\\File\\File Downloads\\SEM 6\\PSO\\CICD Proj\\restaurant-management\\restaurant-management\\server\\src\\controllers\\guest.controller.ts": {"path":"D:\\File\\File Downloads\\SEM 6\\PSO\\CICD Proj\\restaurant-management\\restaurant-management\\server\\src\\controllers\\guest.controller.ts","statementMap":{"0":{"start":{"line":1,"column":0},"end":{"line":1,"column":32}},"1":{"start":{"line":2,"column":0},"end":{"line":2,"column":77}},"2":{"start":{"line":3,"column":0},"end":{"line":3,"column":31}},"3":{"start":{"line":6,"column":0},"end":{"line":6,"column":55}},"4":{"start":{"line":7,"column":0},"end":{"line":7,"column":83}},"5":{"start":{"line":8,"column":0},"end":{"line":8,"column":19}},"6":{"start":{"line":10,"column":36},"end":{"line":71,"column":1}},"7":{"start":{"line":11,"column":16},"end":{"line":16,"column":4}},"8":{"start":{"line":17,"column":2},"end":{"line":19,"column":3}},"9":{"start":{"line":18,"column":4},"end":{"line":18,"column":null}},"10":{"start":{"line":21,"column":2},"end":{"line":23,"column":3}},"11":{"start":{"line":22,"column":4},"end":{"line":22,"column":null}},"12":{"start":{"line":25,"column":2},"end":{"line":27,"column":3}},"13":{"start":{"line":26,"column":4},"end":{"line":26,"column":null}},"14":{"start":{"line":29,"column":14},"end":{"line":34,"column":4}},"15":{"start":{"line":35,"column":23},"end":{"line":42,"column":null}},"16":{"start":{"line":44,"column":22},"end":{"line":51,"column":null}},"17":{"start":{"line":53,"column":30},"end":{"line":53,"column":62}},"18":{"start":{"line":54,"column":32},"end":{"line":54,"column":72}},"19":{"start":{"line":56,"column":2},"end":{"line":64,"column":null}},"20":{"start":{"line":66,"column":2},"end":{"line":70,"column":null}},"21":{"start":{"line":10,"column":13},"end":{"line":10,"column":36}},"22":{"start":{"line":73,"column":37},"end":{"line":84,"column":1}},"23":{"start":{"line":74,"column":2},"end":{"line":82,"column":null}},"24":{"start":{"line":83,"column":2},"end":{"line":83,"column":null}},"25":{"start":{"line":73,"column":13},"end":{"line":73,"column":37}},"26":{"start":{"line":86,"column":43},"end":{"line":121,"column":1}},"27":{"start":{"line":88,"column":2},"end":{"line":92,"column":3}},"28":{"start":{"line":89,"column":4},"end":{"line":89,"column":null}},"29":{"start":{"line":91,"column":4},"end":{"line":91,"column":null}},"30":{"start":{"line":93,"column":26},"end":{"line":97,"column":4}},"31":{"start":{"line":98,"column":25},"end":{"line":105,"column":null}},"32":{"start":{"line":107,"column":2},"end":{"line":115,"column":null}},"33":{"start":{"line":117,"column":2},"end":{"line":120,"column":null}},"34":{"start":{"line":86,"column":13},"end":{"line":86,"column":43}},"35":{"start":{"line":123,"column":43},"end":{"line":196,"column":1}},"36":{"start":{"line":124,"column":17},"end":{"line":194,"column":4}},"37":{"start":{"line":125,"column":18},"end":{"line":129,"column":6}},"38":{"start":{"line":130,"column":4},"end":{"line":132,"column":5}},"39":{"start":{"line":131,"column":6},"end":{"line":131,"column":null}},"40":{"start":{"line":133,"column":18},"end":{"line":137,"column":6}},"41":{"start":{"line":138,"column":4},"end":{"line":140,"column":5}},"42":{"start":{"line":139,"column":6},"end":{"line":139,"column":null}},"43":{"start":{"line":141,"column":4},"end":{"line":143,"column":5}},"44":{"start":{"line":142,"column":6},"end":{"line":142,"column":null}},"45":{"start":{"line":144,"column":19},"end":{"line":191,"column":null}},"46":{"start":{"line":146,"column":31},"end":{"line":146,"column":120}},"47":{"start":{"line":147,"column":21},"end":{"line":151,"column":10}},"48":{"start":{"line":152,"column":8},"end":{"line":154,"column":9}},"49":{"start":{"line":153,"column":10},"end":{"line":153,"column":null}},"50":{"start":{"line":155,"column":8},"end":{"line":157,"column":9}},"51":{"start":{"line":156,"column":10},"end":{"line":156,"column":null}},"52":{"start":{"line":158,"column":29},"end":{"line":167,"column":10}},"53":{"start":{"line":168,"column":28},"end":{"line":183,"column":10}},"54":{"start":{"line":185,"column":8},"end":{"line":190,"column":null}},"55":{"start":{"line":193,"column":4},"end":{"line":193,"column":null}},"56":{"start":{"line":195,"column":2},"end":{"line":195,"column":null}},"57":{"start":{"line":123,"column":13},"end":{"line":123,"column":43}},"58":{"start":{"line":198,"column":40},"end":{"line":210,"column":1}},"59":{"start":{"line":199,"column":17},"end":{"line":208,"column":4}},"60":{"start":{"line":209,"column":2},"end":{"line":209,"column":null}},"61":{"start":{"line":198,"column":13},"end":{"line":198,"column":40}}},"fnMap":{"0":{"name":"(anonymous_1)","decl":{"start":{"line":10,"column":36},"end":{"line":10,"column":41}},"loc":{"start":{"line":10,"column":71},"end":{"line":71,"column":1}}},"1":{"name":"(anonymous_2)","decl":{"start":{"line":73,"column":37},"end":{"line":73,"column":42}},"loc":{"start":{"line":73,"column":58},"end":{"line":84,"column":1}}},"2":{"name":"(anonymous_3)","decl":{"start":{"line":86,"column":43},"end":{"line":86,"column":48}},"loc":{"start":{"line":86,"column":74},"end":{"line":121,"column":1}}},"3":{"name":"(anonymous_4)","decl":{"start":{"line":123,"column":43},"end":{"line":123,"column":48}},"loc":{"start":{"line":123,"column":102},"end":{"line":196,"column":1}}},"4":{"name":"(anonymous_5)","decl":{"start":{"line":124,"column":43},"end":{"line":124,"column":48}},"loc":{"start":{"line":124,"column":56},"end":{"line":194,"column":3}}},"5":{"name":"(anonymous_6)","decl":{"start":{"line":145,"column":15},"end":{"line":145,"column":20}},"loc":{"start":{"line":145,"column":31},"end":{"line":191,"column":7}}},"6":{"name":"(anonymous_7)","decl":{"start":{"line":198,"column":40},"end":{"line":198,"column":45}},"loc":{"start":{"line":198,"column":66},"end":{"line":210,"column":1}}}},"branchMap":{"0":{"loc":{"start":{"line":17,"column":2},"end":{"line":19,"column":3}},"type":"if","locations":[{"start":{"line":17,"column":2},"end":{"line":19,"column":3}},{"start":{},"end":{}}]},"1":{"loc":{"start":{"line":21,"column":2},"end":{"line":23,"column":3}},"type":"if","locations":[{"start":{"line":21,"column":2},"end":{"line":23,"column":3}},{"start":{},"end":{}}]},"2":{"loc":{"start":{"line":25,"column":2},"end":{"line":27,"column":3}},"type":"if","locations":[{"start":{"line":25,"column":2},"end":{"line":27,"column":3}},{"start":{},"end":{}}]},"3":{"loc":{"start":{"line":130,"column":4},"end":{"line":132,"column":5}},"type":"if","locations":[{"start":{"line":130,"column":4},"end":{"line":132,"column":5}},{"start":{},"end":{}}]},"4":{"loc":{"start":{"line":138,"column":4},"end":{"line":140,"column":5}},"type":"if","locations":[{"start":{"line":138,"column":4},"end":{"line":140,"column":5}},{"start":{},"end":{}}]},"5":{"loc":{"start":{"line":141,"column":4},"end":{"line":143,"column":5}},"type":"if","locations":[{"start":{"line":141,"column":4},"end":{"line":143,"column":5}},{"start":{},"end":{}}]},"6":{"loc":{"start":{"line":146,"column":31},"end":{"line":146,"column":120}},"type":"cond-expr","locations":[{"start":{"line":146,"column":96},"end":{"line":146,"column":113}},{"start":{"line":146,"column":116},"end":{"line":146,"column":120}}]},"7":{"loc":{"start":{"line":146,"column":31},"end":{"line":146,"column":93}},"type":"binary-expr","locations":[{"start":{"line":146,"column":31},"end":{"line":146,"column":61}},{"start":{"line":146,"column":65},"end":{"line":146,"column":93}}]},"8":{"loc":{"start":{"line":152,"column":8},"end":{"line":154,"column":9}},"type":"if","locations":[{"start":{"line":152,"column":8},"end":{"line":154,"column":9}},{"start":{},"end":{}}]},"9":{"loc":{"start":{"line":155,"column":8},"end":{"line":157,"column":9}},"type":"if","locations":[{"start":{"line":155,"column":8},"end":{"line":157,"column":9}},{"start":{},"end":{}}]}},"s":{"0":1,"1":1,"2":1,"3":1,"4":1,"5":1,"6":1,"7":0,"8":0,"9":0,"10":0,"11":0,"12":0,"13":0,"14":0,"15":0,"16":0,"17":0,"18":0,"19":0,"20":0,"21":1,"22":1,"23":0,"24":0,"25":1,"26":1,"27":0,"28":0,"29":0,"30":0,"31":0,"32":0,"33":0,"34":1,"35":1,"36":9,"37":9,"38":9,"39":1,"40":8,"41":8,"42":1,"43":7,"44":1,"45":6,"46":6,"47":6,"48":6,"49":1,"50":5,"51":1,"52":4,"53":4,"54":4,"55":4,"56":4,"57":1,"58":1,"59":0,"60":0,"61":1},"f":{"0":0,"1":0,"2":0,"3":9,"4":9,"5":6,"6":0},"b":{"0":[0,0],"1":[0,0],"2":[0,0],"3":[1,8],"4":[1,7],"5":[1,6],"6":[2,4],"7":[6,3],"8":[1,5],"9":[1,4]}}
,"D:\\File\\File Downloads\\SEM 6\\PSO\\CICD Proj\\restaurant-management\\restaurant-management\\server\\src\\hooks\\auth.hooks.ts": {"path":"D:\\File\\File Downloads\\SEM 6\\PSO\\CICD Proj\\restaurant-management\\restaurant-management\\server\\src\\hooks\\auth.hooks.ts","statementMap":{"0":{"start":{"line":1,"column":0},"end":{"line":1,"column":39}},"1":{"start":{"line":2,"column":0},"end":{"line":2,"column":58}},"2":{"start":{"line":3,"column":0},"end":{"line":3,"column":47}},"3":{"start":{"line":6,"column":28},"end":{"line":8,"column":1}},"4":{"start":{"line":6,"column":13},"end":{"line":6,"column":28}},"5":{"start":{"line":10,"column":34},"end":{"line":19,"column":1}},"6":{"start":{"line":11,"column":22},"end":{"line":11,"column":66}},"7":{"start":{"line":12,"column":2},"end":{"line":12,"column":null}},"8":{"start":{"line":12,"column":20},"end":{"line":12,"column":null}},"9":{"start":{"line":13,"column":2},"end":{"line":18,"column":3}},"10":{"start":{"line":14,"column":31},"end":{"line":14,"column":61}},"11":{"start":{"line":15,"column":4},"end":{"line":15,"column":null}},"12":{"start":{"line":17,"column":4},"end":{"line":17,"column":null}},"13":{"start":{"line":10,"column":13},"end":{"line":10,"column":34}},"14":{"start":{"line":21,"column":32},"end":{"line":25,"column":1}},"15":{"start":{"line":22,"column":2},"end":{"line":24,"column":3}},"16":{"start":{"line":23,"column":4},"end":{"line":23,"column":null}},"17":{"start":{"line":21,"column":13},"end":{"line":21,"column":32}},"18":{"start":{"line":27,"column":35},"end":{"line":31,"column":1}},"19":{"start":{"line":28,"column":2},"end":{"line":30,"column":3}},"20":{"start":{"line":29,"column":4},"end":{"line":29,"column":null}},"21":{"start":{"line":27,"column":13},"end":{"line":27,"column":35}},"22":{"start":{"line":33,"column":32},"end":{"line":37,"column":1}},"23":{"start":{"line":34,"column":2},"end":{"line":36,"column":3}},"24":{"start":{"line":35,"column":4},"end":{"line":35,"column":null}},"25":{"start":{"line":33,"column":13},"end":{"line":33,"column":32}}},"fnMap":{"0":{"name":"(anonymous_0)","decl":{"start":{"line":6,"column":28},"end":{"line":6,"column":33}},"loc":{"start":{"line":6,"column":62},"end":{"line":8,"column":1}}},"1":{"name":"(anonymous_1)","decl":{"start":{"line":10,"column":34},"end":{"line":10,"column":39}},"loc":{"start":{"line":10,"column":68},"end":{"line":19,"column":1}}},"2":{"name":"(anonymous_2)","decl":{"start":{"line":21,"column":32},"end":{"line":21,"column":37}},"loc":{"start":{"line":21,"column":66},"end":{"line":25,"column":1}}},"3":{"name":"(anonymous_3)","decl":{"start":{"line":27,"column":35},"end":{"line":27,"column":40}},"loc":{"start":{"line":27,"column":69},"end":{"line":31,"column":1}}},"4":{"name":"(anonymous_4)","decl":{"start":{"line":33,"column":32},"end":{"line":33,"column":37}},"loc":{"start":{"line":33,"column":66},"end":{"line":37,"column":1}}}},"branchMap":{"0":{"loc":{"start":{"line":12,"column":2},"end":{"line":12,"column":null}},"type":"if","locations":[{"start":{"line":12,"column":2},"end":{"line":12,"column":null}},{"start":{},"end":{}}]},"1":{"loc":{"start":{"line":22,"column":2},"end":{"line":24,"column":3}},"type":"if","locations":[{"start":{"line":22,"column":2},"end":{"line":24,"column":3}},{"start":{},"end":{}}]},"2":{"loc":{"start":{"line":28,"column":2},"end":{"line":30,"column":3}},"type":"if","locations":[{"start":{"line":28,"column":2},"end":{"line":30,"column":3}},{"start":{},"end":{}}]},"3":{"loc":{"start":{"line":34,"column":2},"end":{"line":36,"column":3}},"type":"if","locations":[{"start":{"line":34,"column":2},"end":{"line":36,"column":3}},{"start":{},"end":{}}]}},"s":{"0":1,"1":1,"2":1,"3":1,"4":1,"5":1,"6":3,"7":3,"8":1,"9":2,"10":2,"11":1,"12":1,"13":1,"14":1,"15":2,"16":1,"17":1,"18":1,"19":2,"20":1,"21":1,"22":1,"23":2,"24":1,"25":1},"f":{"0":0,"1":3,"2":2,"3":2,"4":2},"b":{"0":[1,2],"1":[1,1],"2":[1,1],"3":[1,1]}}
,"D:\\File\\File Downloads\\SEM 6\\PSO\\CICD Proj\\restaurant-management\\restaurant-management\\server\\src\\plugins\\validatorCompiler.plugins.ts": {"path":"D:\\File\\File Downloads\\SEM 6\\PSO\\CICD Proj\\restaurant-management\\restaurant-management\\server\\src\\plugins\\validatorCompiler.plugins.ts","statementMap":{"0":{"start":{"line":1,"column":0},"end":{"line":1,"column":42}},"1":{"start":{"line":2,"column":0},"end":{"line":2,"column":81}},"2":{"start":{"line":4,"column":32},"end":{"line":7,"column":2}},"3":{"start":{"line":5,"column":2},"end":{"line":5,"column":null}},"4":{"start":{"line":6,"column":2},"end":{"line":6,"column":null}},"5":{"start":{"line":9,"column":0},"end":{"line":9,"column":null}}},"fnMap":{"0":{"name":"(anonymous_1)","decl":{"start":{"line":4,"column":46},"end":{"line":4,"column":51}},"loc":{"start":{"line":4,"column":64},"end":{"line":7,"column":1}}}},"branchMap":{},"s":{"0":1,"1":1,"2":1,"3":1,"4":1,"5":1},"f":{"0":1},"b":{}}
,"D:\\File\\File Downloads\\SEM 6\\PSO\\CICD Proj\\restaurant-management\\restaurant-management\\server\\src\\routes\\auth.route.ts": {"path":"D:\\File\\File Downloads\\SEM 6\\PSO\\CICD Proj\\restaurant-management\\restaurant-management\\server\\src\\routes\\auth.route.ts","statementMap":{"0":{"start":{"line":26,"column":0},"end":{"line":26,"column":15}},"1":{"start":{"line":1,"column":0},"end":{"line":1,"column":32}},"2":{"start":{"line":2,"column":0},"end":{"line":2,"column":null}},"3":{"start":{"line":8,"column":0},"end":{"line":8,"column":55}},"4":{"start":{"line":9,"column":0},"end":{"line":9,"column":null}},"5":{"start":{"line":23,"column":0},"end":{"line":23,"column":78}},"6":{"start":{"line":25,"column":0},"end":{"line":25,"column":37}},"7":{"start":{"line":27,"column":2},"end":{"line":44,"column":null}},"8":{"start":{"line":39,"column":22},"end":{"line":39,"column":71}},"9":{"start":{"line":40,"column":6},"end":{"line":42,"column":null}},"10":{"start":{"line":45,"column":2},"end":{"line":67,"column":null}},"11":{"start":{"line":56,"column":23},"end":{"line":56,"column":30}},"12":{"start":{"line":57,"column":53},"end":{"line":57,"column":80}},"13":{"start":{"line":58,"column":6},"end":{"line":65,"column":null}},"14":{"start":{"line":68,"column":2},"end":{"line":96,"column":null}},"15":{"start":{"line":78,"column":19},"end":{"line":78,"column":37}},"16":{"start":{"line":79,"column":6},"end":{"line":94,"column":7}},"17":{"start":{"line":80,"column":46},"end":{"line":80,"column":79}},"18":{"start":{"line":81,"column":19},"end":{"line":85,"column":10}},"19":{"start":{"line":86,"column":8},"end":{"line":86,"column":null}},"20":{"start":{"line":88,"column":65},"end":{"line":88,"column":70}},"21":{"start":{"line":89,"column":19},"end":{"line":92,"column":10}},"22":{"start":{"line":93,"column":8},"end":{"line":93,"column":null}},"23":{"start":{"line":97,"column":2},"end":{"line":117,"column":null}},"24":{"start":{"line":111,"column":21},"end":{"line":111,"column":76}},"25":{"start":{"line":112,"column":6},"end":{"line":115,"column":null}}},"fnMap":{"0":{"name":"authRoutes","decl":{"start":{"line":26,"column":30},"end":{"line":26,"column":40}},"loc":{"start":{"line":26,"column":96},"end":{"line":118,"column":1}}},"1":{"name":"(anonymous_2)","decl":{"start":{"line":38,"column":4},"end":{"line":38,"column":9}},"loc":{"start":{"line":38,"column":29},"end":{"line":43,"column":5}}},"2":{"name":"(anonymous_3)","decl":{"start":{"line":55,"column":4},"end":{"line":55,"column":9}},"loc":{"start":{"line":55,"column":29},"end":{"line":66,"column":5}}},"3":{"name":"(anonymous_4)","decl":{"start":{"line":77,"column":4},"end":{"line":77,"column":9}},"loc":{"start":{"line":77,"column":29},"end":{"line":95,"column":5}}},"4":{"name":"(anonymous_5)","decl":{"start":{"line":110,"column":4},"end":{"line":110,"column":9}},"loc":{"start":{"line":110,"column":29},"end":{"line":116,"column":5}}}},"branchMap":{"0":{"loc":{"start":{"line":88,"column":16},"end":{"line":88,"column":46}},"type":"default-arg","locations":[{"start":{"line":88,"column":26},"end":{"line":88,"column":46}}]},"1":{"loc":{"start":{"line":88,"column":48},"end":{"line":88,"column":60}},"type":"default-arg","locations":[{"start":{"line":88,"column":57},"end":{"line":88,"column":60}}]}},"s":{"0":1,"1":1,"2":1,"3":1,"4":1,"5":1,"6":1,"7":1,"8":1,"9":1,"10":1,"11":1,"12":1,"13":1,"14":1,"15":1,"16":1,"17":1,"18":1,"19":1,"20":0,"21":0,"22":0,"23":1,"24":1,"25":1},"f":{"0":1,"1":1,"2":1,"3":1,"4":1},"b":{"0":[0],"1":[0]}}
,"D:\\File\\File Downloads\\SEM 6\\PSO\\CICD Proj\\restaurant-management\\restaurant-management\\server\\src\\schemaValidations\\account.schema.ts": {"path":"D:\\File\\File Downloads\\SEM 6\\PSO\\CICD Proj\\restaurant-management\\restaurant-management\\server\\src\\schemaValidations\\account.schema.ts","statementMap":{"0":{"start":{"line":1,"column":0},"end":{"line":1,"column":39}},"1":{"start":{"line":2,"column":0},"end":{"line":2,"column":19}},"2":{"start":{"line":4,"column":13},"end":{"line":10,"column":null}},"3":{"start":{"line":14,"column":13},"end":{"line":17,"column":null}},"4":{"start":{"line":21,"column":13},"end":{"line":26,"column":null}},"5":{"start":{"line":30,"column":13},"end":{"line":47,"column":null}},"6":{"start":{"line":40,"column":4},"end":{"line":46,"column":5}},"7":{"start":{"line":41,"column":6},"end":{"line":45,"column":null}},"8":{"start":{"line":51,"column":13},"end":{"line":78,"column":null}},"9":{"start":{"line":63,"column":4},"end":{"line":77,"column":5}},"10":{"start":{"line":64,"column":6},"end":{"line":76,"column":7}},"11":{"start":{"line":65,"column":8},"end":{"line":69,"column":null}},"12":{"start":{"line":70,"column":13},"end":{"line":76,"column":7}},"13":{"start":{"line":71,"column":8},"end":{"line":75,"column":null}},"14":{"start":{"line":82,"column":13},"end":{"line":87,"column":null}},"15":{"start":{"line":91,"column":13},"end":{"line":106,"column":null}},"16":{"start":{"line":99,"column":4},"end":{"line":105,"column":5}},"17":{"start":{"line":100,"column":6},"end":{"line":104,"column":null}},"18":{"start":{"line":110,"column":13},"end":{"line":112,"column":null}},"19":{"start":{"line":116,"column":13},"end":{"line":127,"column":null}},"20":{"start":{"line":131,"column":13},"end":{"line":134,"column":null}},"21":{"start":{"line":138,"column":13},"end":{"line":143,"column":null}},"22":{"start":{"line":147,"column":13},"end":{"line":157,"column":null}}},"fnMap":{"0":{"name":"(anonymous_1)","decl":{"start":{"line":39,"column":15},"end":{"line":39,"column":16}},"loc":{"start":{"line":39,"column":54},"end":{"line":47,"column":3}}},"1":{"name":"(anonymous_2)","decl":{"start":{"line":62,"column":15},"end":{"line":62,"column":16}},"loc":{"start":{"line":62,"column":70},"end":{"line":78,"column":3}}},"2":{"name":"(anonymous_3)","decl":{"start":{"line":98,"column":15},"end":{"line":98,"column":16}},"loc":{"start":{"line":98,"column":54},"end":{"line":106,"column":3}}}},"branchMap":{"0":{"loc":{"start":{"line":40,"column":4},"end":{"line":46,"column":5}},"type":"if","locations":[{"start":{"line":40,"column":4},"end":{"line":46,"column":5}},{"start":{},"end":{}}]},"1":{"loc":{"start":{"line":63,"column":4},"end":{"line":77,"column":5}},"type":"if","locations":[{"start":{"line":63,"column":4},"end":{"line":77,"column":5}},{"start":{},"end":{}}]},"2":{"loc":{"start":{"line":64,"column":6},"end":{"line":76,"column":7}},"type":"if","locations":[{"start":{"line":64,"column":6},"end":{"line":76,"column":7}},{"start":{"line":70,"column":13},"end":{"line":76,"column":7}}]},"3":{"loc":{"start":{"line":64,"column":10},"end":{"line":64,"column":39}},"type":"binary-expr","locations":[{"start":{"line":64,"column":10},"end":{"line":64,"column":19}},{"start":{"line":64,"column":23},"end":{"line":64,"column":39}}]},"4":{"loc":{"start":{"line":70,"column":13},"end":{"line":76,"column":7}},"type":"if","locations":[{"start":{"line":70,"column":13},"end":{"line":76,"column":7}},{"start":{},"end":{}}]},"5":{"loc":{"start":{"line":99,"column":4},"end":{"line":105,"column":5}},"type":"if","locations":[{"start":{"line":99,"column":4},"end":{"line":105,"column":5}},{"start":{},"end":{}}]}},"s":{"0":1,"1":1,"2":1,"3":1,"4":1,"5":1,"6":0,"7":0,"8":1,"9":0,"10":0,"11":0,"12":0,"13":0,"14":1,"15":1,"16":0,"17":0,"18":1,"19":1,"20":1,"21":1,"22":1},"f":{"0":0,"1":0,"2":0},"b":{"0":[0,0],"1":[0,0],"2":[0,0],"3":[0,0],"4":[0,0],"5":[0,0]}}
,"D:\\File\\File Downloads\\SEM 6\\PSO\\CICD Proj\\restaurant-management\\restaurant-management\\server\\src\\schemaValidations\\auth.schema.ts": {"path":"D:\\File\\File Downloads\\SEM 6\\PSO\\CICD Proj\\restaurant-management\\restaurant-management\\server\\src\\schemaValidations\\auth.schema.ts","statementMap":{"0":{"start":{"line":1,"column":0},"end":{"line":1,"column":39}},"1":{"start":{"line":2,"column":0},"end":{"line":2,"column":19}},"2":{"start":{"line":4,"column":13},"end":{"line":9,"column":null}},"3":{"start":{"line":13,"column":13},"end":{"line":25,"column":null}},"4":{"start":{"line":29,"column":13},"end":{"line":33,"column":null}},"5":{"start":{"line":37,"column":13},"end":{"line":43,"column":null}},"6":{"start":{"line":47,"column":13},"end":{"line":51,"column":null}},"7":{"start":{"line":55,"column":13},"end":{"line":57,"column":null}}},"fnMap":{},"branchMap":{},"s":{"0":1,"1":1,"2":1,"3":1,"4":1,"5":1,"6":1,"7":1},"f":{},"b":{}}
,"D:\\File\\File Downloads\\SEM 6\\PSO\\CICD Proj\\restaurant-management\\restaurant-management\\server\\src\\schemaValidations\\common.schema.ts": {"path":"D:\\File\\File Downloads\\SEM 6\\PSO\\CICD Proj\\restaurant-management\\restaurant-management\\server\\src\\schemaValidations\\common.schema.ts","statementMap":{"0":{"start":{"line":1,"column":0},"end":{"line":1,"column":19}},"1":{"start":{"line":3,"column":13},"end":{"line":7,"column":null}}},"fnMap":{},"branchMap":{},"s":{"0":1,"1":1},"f":{},"b":{}}
,"D:\\File\\File Downloads\\SEM 6\\PSO\\CICD Proj\\restaurant-management\\restaurant-management\\server\\src\\schemaValidations\\guest.schema.ts": {"path":"D:\\File\\File Downloads\\SEM 6\\PSO\\CICD Proj\\restaurant-management\\restaurant-management\\server\\src\\schemaValidations\\guest.schema.ts","statementMap":{"0":{"start":{"line":1,"column":0},"end":{"line":1,"column":39}},"1":{"start":{"line":2,"column":0},"end":{"line":2,"column":79}},"2":{"start":{"line":3,"column":0},"end":{"line":3,"column":19}},"3":{"start":{"line":5,"column":13},"end":{"line":11,"column":null}},"4":{"start":{"line":15,"column":13},"end":{"line":29,"column":null}},"5":{"start":{"line":33,"column":13},"end":{"line":39,"column":null}},"6":{"start":{"line":43,"column":13},"end":{"line":46,"column":null}},"7":{"start":{"line":50,"column":13},"end":{"line":50,"column":null}}},"fnMap":{},"branchMap":{},"s":{"0":1,"1":1,"2":1,"3":1,"4":1,"5":1,"6":1,"7":1},"f":{},"b":{}}
,"D:\\File\\File Downloads\\SEM 6\\PSO\\CICD Proj\\restaurant-management\\restaurant-management\\server\\src\\schemaValidations\\order.schema.ts": {"path":"D:\\File\\File Downloads\\SEM 6\\PSO\\CICD Proj\\restaurant-management\\restaurant-management\\server\\src\\schemaValidations\\order.schema.ts","statementMap":{"0":{"start":{"line":1,"column":0},"end":{"line":1,"column":70}},"1":{"start":{"line":2,"column":0},"end":{"line":2,"column":66}},"2":{"start":{"line":3,"column":0},"end":{"line":3,"column":62}},"3":{"start":{"line":4,"column":0},"end":{"line":4,"column":19}},"4":{"start":{"line":6,"column":27},"end":{"line":16,"column":2}},"5":{"start":{"line":18,"column":13},"end":{"line":26,"column":null}},"6":{"start":{"line":22,"column":4},"end":{"line":24,"column":5}},"7":{"start":{"line":23,"column":6},"end":{"line":23,"column":null}},"8":{"start":{"line":25,"column":4},"end":{"line":25,"column":null}},"9":{"start":{"line":28,"column":13},"end":{"line":50,"column":null}},"10":{"start":{"line":52,"column":13},"end":{"line":56,"column":null}},"11":{"start":{"line":60,"column":13},"end":{"line":62,"column":null}},"12":{"start":{"line":66,"column":13},"end":{"line":69,"column":null}},"13":{"start":{"line":73,"column":13},"end":{"line":76,"column":null}},"14":{"start":{"line":80,"column":13},"end":{"line":83,"column":null}},"15":{"start":{"line":87,"column":13},"end":{"line":92,"column":null}},"16":{"start":{"line":96,"column":13},"end":{"line":98,"column":null}},"17":{"start":{"line":102,"column":13},"end":{"line":102,"column":null}},"18":{"start":{"line":106,"column":13},"end":{"line":117,"column":null}},"19":{"start":{"line":121,"column":13},"end":{"line":124,"column":null}}},"fnMap":{"0":{"name":"(anonymous_1)","decl":{"start":{"line":21,"column":13},"end":{"line":21,"column":14}},"loc":{"start":{"line":21,"column":22},"end":{"line":26,"column":3}}}},"branchMap":{"0":{"loc":{"start":{"line":22,"column":4},"end":{"line":24,"column":5}},"type":"if","locations":[{"start":{"line":22,"column":4},"end":{"line":24,"column":5}},{"start":{},"end":{}}]},"1":{"loc":{"start":{"line":23,"column":13},"end":{"line":23,"column":42}},"type":"cond-expr","locations":[{"start":{"line":23,"column":31},"end":{"line":23,"column":35}},{"start":{"line":23,"column":38},"end":{"line":23,"column":42}}]}},"s":{"0":1,"1":1,"2":1,"3":1,"4":1,"5":1,"6":3,"7":2,"8":1,"9":1,"10":1,"11":1,"12":1,"13":1,"14":1,"15":1,"16":1,"17":1,"18":1,"19":1},"f":{"0":3},"b":{"0":[2,1],"1":[1,1]}}
,"D:\\File\\File Downloads\\SEM 6\\PSO\\CICD Proj\\restaurant-management\\restaurant-management\\server\\src\\schemaValidations\\table.schema.ts": {"path":"D:\\File\\File Downloads\\SEM 6\\PSO\\CICD Proj\\restaurant-management\\restaurant-management\\server\\src\\schemaValidations\\table.schema.ts","statementMap":{"0":{"start":{"line":1,"column":0},"end":{"line":1,"column":52}},"1":{"start":{"line":2,"column":0},"end":{"line":2,"column":19}},"2":{"start":{"line":4,"column":13},"end":{"line":8,"column":null}},"3":{"start":{"line":12,"column":13},"end":{"line":19,"column":null}},"4":{"start":{"line":21,"column":13},"end":{"line":24,"column":null}},"5":{"start":{"line":28,"column":13},"end":{"line":31,"column":null}},"6":{"start":{"line":35,"column":13},"end":{"line":39,"column":null}},"7":{"start":{"line":41,"column":13},"end":{"line":43,"column":null}}},"fnMap":{},"branchMap":{},"s":{"0":1,"1":1,"2":1,"3":1,"4":1,"5":1,"6":1,"7":1},"f":{},"b":{}}
,"D:\\File\\File Downloads\\SEM 6\\PSO\\CICD Proj\\restaurant-management\\restaurant-management\\server\\src\\utils\\crypto.ts": {"path":"D:\\File\\File Downloads\\SEM 6\\PSO\\CICD Proj\\restaurant-management\\restaurant-management\\server\\src\\utils\\crypto.ts","statementMap":{"0":{"start":{"line":1,"column":0},"end":{"line":1,"column":27}},"1":{"start":{"line":2,"column":19},"end":{"line":2,"column":21}},"2":{"start":{"line":4,"column":28},"end":{"line":4,"column":89}},"3":{"start":{"line":4,"column":56},"end":{"line":4,"column":89}},"4":{"start":{"line":4,"column":13},"end":{"line":4,"column":28}},"5":{"start":{"line":6,"column":31},"end":{"line":6,"column":103}},"6":{"start":{"line":6,"column":73},"end":{"line":6,"column":103}},"7":{"start":{"line":6,"column":13},"end":{"line":6,"column":31}}},"fnMap":{"0":{"name":"(anonymous_1)","decl":{"start":{"line":4,"column":28},"end":{"line":4,"column":33}},"loc":{"start":{"line":4,"column":56},"end":{"line":4,"column":89}}},"1":{"name":"(anonymous_2)","decl":{"start":{"line":6,"column":31},"end":{"line":6,"column":36}},"loc":{"start":{"line":6,"column":73},"end":{"line":6,"column":103}}}},"branchMap":{},"s":{"0":2,"1":2,"2":2,"3":5,"4":2,"5":2,"6":4,"7":2},"f":{"0":5,"1":4},"b":{}}
,"D:\\File\\File Downloads\\SEM 6\\PSO\\CICD Proj\\restaurant-management\\restaurant-management\\server\\src\\utils\\errors.ts": {"path":"D:\\File\\File Downloads\\SEM 6\\PSO\\CICD Proj\\restaurant-management\\restaurant-management\\server\\src\\utils\\errors.ts","statementMap":{"0":{"start":{"line":33,"column":0},"end":{"line":33,"column":16}},"1":{"start":{"line":1,"column":0},"end":{"line":1,"column":39}},"2":{"start":{"line":5,"column":19},"end":{"line":5,"column":22}},"3":{"start":{"line":7,"column":4},"end":{"line":7,"column":null}},"4":{"start":{"line":8,"column":4},"end":{"line":8,"column":null}},"5":{"start":{"line":3,"column":0},"end":{"line":3,"column":13}},"6":{"start":{"line":12,"column":19},"end":{"line":12,"column":22}},"7":{"start":{"line":14,"column":4},"end":{"line":14,"column":null}},"8":{"start":{"line":11,"column":0},"end":{"line":11,"column":13}},"9":{"start":{"line":19,"column":19},"end":{"line":19,"column":22}},"10":{"start":{"line":21,"column":4},"end":{"line":21,"column":null}},"11":{"start":{"line":18,"column":0},"end":{"line":18,"column":13}},"12":{"start":{"line":28,"column":4},"end":{"line":28,"column":null}},"13":{"start":{"line":29,"column":4},"end":{"line":29,"column":null}},"14":{"start":{"line":25,"column":0},"end":{"line":25,"column":13}},"15":{"start":{"line":34,"column":2},"end":{"line":34,"column":null}}},"fnMap":{"0":{"name":"(anonymous_0)","decl":{"start":{"line":6,"column":2},"end":{"line":6,"column":14}},"loc":{"start":{"line":6,"column":58},"end":{"line":9,"column":3}}},"1":{"name":"(anonymous_1)","decl":{"start":{"line":13,"column":2},"end":{"line":13,"column":14}},"loc":{"start":{"line":13,"column":29},"end":{"line":15,"column":3}}},"2":{"name":"(anonymous_2)","decl":{"start":{"line":20,"column":2},"end":{"line":20,"column":14}},"loc":{"start":{"line":20,"column":29},"end":{"line":22,"column":3}}},"3":{"name":"(anonymous_3)","decl":{"start":{"line":27,"column":2},"end":{"line":27,"column":14}},"loc":{"start":{"line":27,"column":70},"end":{"line":30,"column":3}}},"4":{"name":"isPrismaClientKnownRequestError","decl":{"start":{"line":33,"column":16},"end":{"line":33,"column":47}},"loc":{"start":{"line":33,"column":62},"end":{"line":35,"column":1}}}},"branchMap":{},"s":{"0":3,"1":3,"2":2,"3":2,"4":2,"5":3,"6":6,"7":6,"8":3,"9":0,"10":0,"11":3,"12":0,"13":0,"14":3,"15":0},"f":{"0":2,"1":6,"2":0,"3":0,"4":0},"b":{}}
,"D:\\File\\File Downloads\\SEM 6\\PSO\\CICD Proj\\restaurant-management\\restaurant-management\\server\\src\\utils\\helpers.ts": {"path":"D:\\File\\File Downloads\\SEM 6\\PSO\\CICD Proj\\restaurant-management\\restaurant-management\\server\\src\\utils\\helpers.ts","statementMap":{"0":{"start":{"line":1,"column":0},"end":{"line":1,"column":19}},"1":{"start":{"line":2,"column":0},"end":{"line":2,"column":27}},"2":{"start":{"line":4,"column":24},"end":{"line":4,"column":67}},"3":{"start":{"line":4,"column":30},"end":{"line":4,"column":67}},"4":{"start":{"line":4,"column":13},"end":{"line":4,"column":24}},"5":{"start":{"line":5,"column":28},"end":{"line":9,"column":1}},"6":{"start":{"line":6,"column":2},"end":{"line":8,"column":3}},"7":{"start":{"line":7,"column":4},"end":{"line":7,"column":null}},"8":{"start":{"line":5,"column":13},"end":{"line":5,"column":28}},"9":{"start":{"line":11,"column":24},"end":{"line":14,"column":1}},"10":{"start":{"line":12,"column":16},"end":{"line":12,"column":47}},"11":{"start":{"line":13,"column":2},"end":{"line":13,"column":null}},"12":{"start":{"line":11,"column":13},"end":{"line":11,"column":24}}},"fnMap":{"0":{"name":"(anonymous_1)","decl":{"start":{"line":4,"column":24},"end":{"line":4,"column":27}},"loc":{"start":{"line":4,"column":30},"end":{"line":4,"column":67}}},"1":{"name":"(anonymous_2)","decl":{"start":{"line":5,"column":28},"end":{"line":5,"column":29}},"loc":{"start":{"line":5,"column":51},"end":{"line":9,"column":1}}},"2":{"name":"(anonymous_3)","decl":{"start":{"line":11,"column":24},"end":{"line":11,"column":29}},"loc":{"start":{"line":11,"column":35},"end":{"line":14,"column":1}}}},"branchMap":{"0":{"loc":{"start":{"line":6,"column":2},"end":{"line":8,"column":3}},"type":"if","locations":[{"start":{"line":6,"column":2},"end":{"line":8,"column":3}},{"start":{},"end":{}}]}},"s":{"0":1,"1":1,"2":1,"3":2,"4":1,"5":1,"6":2,"7":1,"8":1,"9":1,"10":0,"11":0,"12":1},"f":{"0":2,"1":2,"2":0},"b":{"0":[1,1]}}
,"D:\\File\\File Downloads\\SEM 6\\PSO\\CICD Proj\\restaurant-management\\restaurant-management\\server\\src\\utils\\jwt.ts": {"path":"D:\\File\\File Downloads\\SEM 6\\PSO\\CICD Proj\\restaurant-management\\restaurant-management\\server\\src\\utils\\jwt.ts","statementMap":{"0":{"start":{"line":1,"column":0},"end":{"line":1,"column":32}},"1":{"start":{"line":2,"column":0},"end":{"line":2,"column":44}},"2":{"start":{"line":4,"column":0},"end":{"line":4,"column":82}},"3":{"start":{"line":5,"column":0},"end":{"line":5,"column":19}},"4":{"start":{"line":7,"column":31},"end":{"line":28,"column":1}},"5":{"start":{"line":13,"column":18},"end":{"line":13,"column":25}},"6":{"start":{"line":14,"column":87},"end":{"line":25,"column":null}},"7":{"start":{"line":26,"column":19},"end":{"line":26,"column":45}},"8":{"start":{"line":27,"column":2},"end":{"line":27,"column":null}},"9":{"start":{"line":7,"column":13},"end":{"line":7,"column":31}},"10":{"start":{"line":30,"column":32},"end":{"line":51,"column":1}},"11":{"start":{"line":36,"column":18},"end":{"line":36,"column":25}},"12":{"start":{"line":37,"column":87},"end":{"line":48,"column":null}},"13":{"start":{"line":49,"column":19},"end":{"line":49,"column":45}},"14":{"start":{"line":50,"column":2},"end":{"line":50,"column":null}},"15":{"start":{"line":30,"column":13},"end":{"line":30,"column":32}},"16":{"start":{"line":53,"column":33},"end":{"line":58,"column":1}},"17":{"start":{"line":54,"column":21},"end":{"line":56,"column":4}},"18":{"start":{"line":57,"column":2},"end":{"line":57,"column":null}},"19":{"start":{"line":53,"column":13},"end":{"line":53,"column":33}},"20":{"start":{"line":60,"column":34},"end":{"line":65,"column":1}},"21":{"start":{"line":61,"column":21},"end":{"line":63,"column":4}},"22":{"start":{"line":64,"column":2},"end":{"line":64,"column":null}},"23":{"start":{"line":60,"column":13},"end":{"line":60,"column":34}}},"fnMap":{"0":{"name":"(anonymous_1)","decl":{"start":{"line":7,"column":31},"end":{"line":7,"column":null}},"loc":{"start":{"line":12,"column":4},"end":{"line":28,"column":1}}},"1":{"name":"(anonymous_2)","decl":{"start":{"line":30,"column":32},"end":{"line":30,"column":null}},"loc":{"start":{"line":35,"column":4},"end":{"line":51,"column":1}}},"2":{"name":"(anonymous_3)","decl":{"start":{"line":53,"column":33},"end":{"line":53,"column":34}},"loc":{"start":{"line":53,"column":51},"end":{"line":58,"column":1}}},"3":{"name":"(anonymous_4)","decl":{"start":{"line":60,"column":34},"end":{"line":60,"column":35}},"loc":{"start":{"line":60,"column":52},"end":{"line":65,"column":1}}}},"branchMap":{"0":{"loc":{"start":{"line":14,"column":87},"end":{"line":25,"column":null}},"type":"cond-expr","locations":[{"start":{"line":15,"column":6},"end":{"line":19,"column":null}},{"start":{"line":20,"column":6},"end":{"line":25,"column":null}}]},"1":{"loc":{"start":{"line":37,"column":87},"end":{"line":48,"column":null}},"type":"cond-expr","locations":[{"start":{"line":38,"column":6},"end":{"line":42,"column":null}},{"start":{"line":43,"column":6},"end":{"line":48,"column":null}}]}},"s":{"0":4,"1":4,"2":4,"3":4,"4":4,"5":5,"6":5,"7":5,"8":5,"9":4,"10":4,"11":5,"12":5,"13":5,"14":5,"15":4,"16":4,"17":4,"18":4,"19":4,"20":4,"21":5,"22":5,"23":4},"f":{"0":5,"1":5,"2":4,"3":5},"b":{"0":[1,4],"1":[2,3]}}
}
