TN:
SF:src\config.ts
FN:38,(anonymous_1)
FNF:1
FNH:1
FNDA:5,(anonymous_1)
DA:1,5
DA:2,5
DA:3,5
DA:4,5
DA:6,5
DA:7,5
DA:8,5
DA:13,5
DA:38,5
DA:43,5
DA:45,5
DA:46,0
DA:47,0
DA:50,5
DA:51,5
DA:54,5
DA:55,5
LF:17
LH:15
BRDA:7,0,0,5
BRDA:7,0,1,0
BRDA:45,1,0,0
BRDA:45,1,1,5
BRDA:51,2,0,0
BRDA:51,2,1,5
BRF:6
BRH:3
end_of_record
TN:
SF:src\constants\error-reference.ts
FNF:0
FNH:0
DA:1,1
LF:1
LH:1
BRF:0
BRH:0
end_of_record
TN:
SF:src\constants\type.ts
FNF:0
FNH:0
DA:1,7
DA:8,7
DA:14,7
DA:16,7
DA:22,7
DA:24,7
DA:30,7
DA:32,7
DA:40,7
DA:48,7
LF:10
LH:10
BRF:0
BRH:0
end_of_record
TN:
SF:src\controllers\auth.controller.ts
FN:10,(anonymous_1)
FN:19,(anonymous_2)
FN:57,(anonymous_3)
FN:105,(anonymous_4)
FN:135,(anonymous_5)
FN:156,(anonymous_6)
FNF:6
FNH:3
FNDA:1,(anonymous_1)
FNDA:3,(anonymous_2)
FNDA:2,(anonymous_3)
FNDA:0,(anonymous_4)
FNDA:0,(anonymous_5)
FNDA:0,(anonymous_6)
DA:1,1
DA:2,1
DA:5,1
DA:6,1
DA:7,1
DA:8,1
DA:10,1
DA:11,1
DA:16,1
DA:19,1
DA:20,3
DA:25,3
DA:26,1
DA:28,2
DA:29,2
DA:30,1
DA:32,1
DA:36,1
DA:40,1
DA:41,1
DA:43,1
DA:50,1
DA:57,1
DA:59,2
DA:60,2
DA:62,1
DA:64,1
DA:72,1
DA:73,1
DA:77,1
DA:82,1
DA:87,1
DA:94,1
DA:105,1
DA:106,0
DA:113,0
DA:118,0
DA:135,1
DA:136,0
DA:145,0
DA:156,1
DA:157,0
DA:158,0
DA:159,0
DA:161,0
DA:162,0
DA:167,0
DA:172,0
DA:173,0
DA:178,0
DA:182,0
DA:187,0
LF:52
LH:36
BRDA:25,0,0,1
BRDA:25,0,1,2
BRDA:29,1,0,1
BRDA:29,1,1,1
BRDA:161,2,0,0
BRDA:161,2,1,0
BRDA:172,3,0,0
BRDA:172,3,1,0
BRF:8
BRH:4
end_of_record
TN:
SF:src\controllers\guest.controller.ts
FN:10,(anonymous_1)
FN:73,(anonymous_2)
FN:86,(anonymous_3)
FN:123,(anonymous_4)
FN:124,(anonymous_5)
FN:145,(anonymous_6)
FN:198,(anonymous_7)
FNF:7
FNH:3
FNDA:0,(anonymous_1)
FNDA:0,(anonymous_2)
FNDA:0,(anonymous_3)
FNDA:9,(anonymous_4)
FNDA:9,(anonymous_5)
FNDA:6,(anonymous_6)
FNDA:0,(anonymous_7)
DA:1,1
DA:2,1
DA:3,1
DA:6,1
DA:7,1
DA:8,1
DA:10,1
DA:11,0
DA:17,0
DA:18,0
DA:21,0
DA:22,0
DA:25,0
DA:26,0
DA:29,0
DA:35,0
DA:44,0
DA:53,0
DA:54,0
DA:56,0
DA:66,0
DA:73,1
DA:74,0
DA:83,0
DA:86,1
DA:88,0
DA:89,0
DA:91,0
DA:93,0
DA:98,0
DA:107,0
DA:117,0
DA:123,1
DA:124,9
DA:125,9
DA:130,9
DA:131,1
DA:133,8
DA:138,8
DA:139,1
DA:141,7
DA:142,1
DA:144,6
DA:146,6
DA:147,6
DA:152,6
DA:153,1
DA:155,5
DA:156,1
DA:158,4
DA:168,4
DA:185,4
DA:193,4
DA:195,4
DA:198,1
DA:199,0
DA:209,0
LF:57
LH:32
BRDA:17,0,0,0
BRDA:17,0,1,0
BRDA:21,1,0,0
BRDA:21,1,1,0
BRDA:25,2,0,0
BRDA:25,2,1,0
BRDA:130,3,0,1
BRDA:130,3,1,8
BRDA:138,4,0,1
BRDA:138,4,1,7
BRDA:141,5,0,1
BRDA:141,5,1,6
BRDA:146,6,0,2
BRDA:146,6,1,4
BRDA:146,7,0,6
BRDA:146,7,1,3
BRDA:152,8,0,1
BRDA:152,8,1,5
BRDA:155,9,0,1
BRDA:155,9,1,4
BRF:20
BRH:14
end_of_record
TN:
SF:src\hooks\auth.hooks.ts
FN:6,(anonymous_0)
FN:10,(anonymous_1)
FN:21,(anonymous_2)
FN:27,(anonymous_3)
FN:33,(anonymous_4)
FNF:5
FNH:4
FNDA:0,(anonymous_0)
FNDA:3,(anonymous_1)
FNDA:2,(anonymous_2)
FNDA:2,(anonymous_3)
FNDA:2,(anonymous_4)
DA:1,1
DA:2,1
DA:3,1
DA:6,1
DA:10,1
DA:11,3
DA:12,3
DA:13,2
DA:14,2
DA:15,1
DA:17,1
DA:21,1
DA:22,2
DA:23,1
DA:27,1
DA:28,2
DA:29,1
DA:33,1
DA:34,2
DA:35,1
LF:20
LH:20
BRDA:12,0,0,1
BRDA:12,0,1,2
BRDA:22,1,0,1
BRDA:22,1,1,1
BRDA:28,2,0,1
BRDA:28,2,1,1
BRDA:34,3,0,1
BRDA:34,3,1,1
BRF:8
BRH:8
end_of_record
TN:
SF:src\plugins\validatorCompiler.plugins.ts
FN:4,(anonymous_1)
FNF:1
FNH:1
FNDA:1,(anonymous_1)
DA:1,1
DA:2,1
DA:4,1
DA:5,1
DA:6,1
DA:9,1
LF:6
LH:6
BRF:0
BRH:0
end_of_record
TN:
SF:src\routes\auth.route.ts
FN:26,authRoutes
FN:38,(anonymous_2)
FN:55,(anonymous_3)
FN:77,(anonymous_4)
FN:110,(anonymous_5)
FNF:5
FNH:5
FNDA:1,authRoutes
FNDA:1,(anonymous_2)
FNDA:1,(anonymous_3)
FNDA:1,(anonymous_4)
FNDA:1,(anonymous_5)
DA:1,1
DA:2,1
DA:8,1
DA:9,1
DA:23,1
DA:25,1
DA:26,1
DA:27,1
DA:39,1
DA:40,1
DA:45,1
DA:56,1
DA:57,1
DA:58,1
DA:68,1
DA:78,1
DA:79,1
DA:80,1
DA:81,1
DA:86,1
DA:88,0
DA:89,0
DA:93,0
DA:97,1
DA:111,1
DA:112,1
LF:26
LH:23
BRDA:88,0,0,0
BRDA:88,1,0,0
BRF:2
BRH:0
end_of_record
TN:
SF:src\schemaValidations\account.schema.ts
FN:39,(anonymous_1)
FN:62,(anonymous_2)
FN:98,(anonymous_3)
FNF:3
FNH:0
FNDA:0,(anonymous_1)
FNDA:0,(anonymous_2)
FNDA:0,(anonymous_3)
DA:1,1
DA:2,1
DA:4,1
DA:14,1
DA:21,1
DA:30,1
DA:40,0
DA:41,0
DA:51,1
DA:63,0
DA:64,0
DA:65,0
DA:70,0
DA:71,0
DA:82,1
DA:91,1
DA:99,0
DA:100,0
DA:110,1
DA:116,1
DA:131,1
DA:138,1
DA:147,1
LF:23
LH:14
BRDA:40,0,0,0
BRDA:40,0,1,0
BRDA:63,1,0,0
BRDA:63,1,1,0
BRDA:64,2,0,0
BRDA:64,2,1,0
BRDA:64,3,0,0
BRDA:64,3,1,0
BRDA:70,4,0,0
BRDA:70,4,1,0
BRDA:99,5,0,0
BRDA:99,5,1,0
BRF:12
BRH:0
end_of_record
TN:
SF:src\schemaValidations\auth.schema.ts
FNF:0
FNH:0
DA:1,1
DA:2,1
DA:4,1
DA:13,1
DA:29,1
DA:37,1
DA:47,1
DA:55,1
LF:8
LH:8
BRF:0
BRH:0
end_of_record
TN:
SF:src\schemaValidations\common.schema.ts
FNF:0
FNH:0
DA:1,1
DA:3,1
LF:2
LH:2
BRF:0
BRH:0
end_of_record
TN:
SF:src\schemaValidations\guest.schema.ts
FNF:0
FNH:0
DA:1,1
DA:2,1
DA:3,1
DA:5,1
DA:15,1
DA:33,1
DA:43,1
DA:50,1
LF:8
LH:8
BRF:0
BRH:0
end_of_record
TN:
SF:src\schemaValidations\order.schema.ts
FN:21,(anonymous_1)
FNF:1
FNH:1
FNDA:3,(anonymous_1)
DA:1,1
DA:2,1
DA:3,1
DA:4,1
DA:6,1
DA:18,1
DA:22,3
DA:23,2
DA:25,1
DA:28,1
DA:52,1
DA:60,1
DA:66,1
DA:73,1
DA:80,1
DA:87,1
DA:96,1
DA:102,1
DA:106,1
DA:121,1
LF:20
LH:20
BRDA:22,0,0,2
BRDA:22,0,1,1
BRDA:23,1,0,1
BRDA:23,1,1,1
BRF:4
BRH:4
end_of_record
TN:
SF:src\schemaValidations\table.schema.ts
FNF:0
FNH:0
DA:1,1
DA:2,1
DA:4,1
DA:12,1
DA:21,1
DA:28,1
DA:35,1
DA:41,1
LF:8
LH:8
BRF:0
BRH:0
end_of_record
TN:
SF:src\utils\crypto.ts
FN:4,(anonymous_1)
FN:6,(anonymous_2)
FNF:2
FNH:2
FNDA:5,(anonymous_1)
FNDA:4,(anonymous_2)
DA:1,2
DA:2,2
DA:4,5
DA:6,4
LF:4
LH:4
BRF:0
BRH:0
end_of_record
TN:
SF:src\utils\errors.ts
FN:6,(anonymous_0)
FN:13,(anonymous_1)
FN:20,(anonymous_2)
FN:27,(anonymous_3)
FN:33,isPrismaClientKnownRequestError
FNF:5
FNH:2
FNDA:2,(anonymous_0)
FNDA:6,(anonymous_1)
FNDA:0,(anonymous_2)
FNDA:0,(anonymous_3)
FNDA:0,isPrismaClientKnownRequestError
DA:1,3
DA:3,3
DA:5,2
DA:7,2
DA:8,2
DA:11,3
DA:12,6
DA:14,6
DA:18,3
DA:19,0
DA:21,0
DA:25,3
DA:28,0
DA:29,0
DA:33,3
DA:34,0
LF:16
LH:11
BRF:0
BRH:0
end_of_record
TN:
SF:src\utils\helpers.ts
FN:4,(anonymous_1)
FN:5,(anonymous_2)
FN:11,(anonymous_3)
FNF:3
FNH:2
FNDA:2,(anonymous_1)
FNDA:2,(anonymous_2)
FNDA:0,(anonymous_3)
DA:1,1
DA:2,1
DA:4,2
DA:5,1
DA:6,2
DA:7,1
DA:11,1
DA:12,0
DA:13,0
LF:9
LH:7
BRDA:6,0,0,1
BRDA:6,0,1,1
BRF:2
BRH:2
end_of_record
TN:
SF:src\utils\jwt.ts
FN:7,(anonymous_1)
FN:30,(anonymous_2)
FN:53,(anonymous_3)
FN:60,(anonymous_4)
FNF:4
FNH:4
FNDA:5,(anonymous_1)
FNDA:5,(anonymous_2)
FNDA:4,(anonymous_3)
FNDA:5,(anonymous_4)
DA:1,4
DA:2,4
DA:4,4
DA:5,4
DA:7,4
DA:13,5
DA:14,5
DA:26,5
DA:27,5
DA:30,4
DA:36,5
DA:37,5
DA:49,5
DA:50,5
DA:53,4
DA:54,4
DA:57,4
DA:60,4
DA:61,5
DA:64,5
LF:20
LH:20
BRDA:14,0,0,1
BRDA:14,0,1,4
BRDA:37,1,0,2
BRDA:37,1,1,3
BRF:4
BRH:4
end_of_record
