TN:
SF:src\config.ts
FN:38,(anonymous_1)
FNF:1
FNH:1
FNDA:1,(anonymous_1)
DA:1,1
DA:2,1
DA:3,1
DA:4,1
DA:6,1
DA:7,1
DA:8,1
DA:13,1
DA:38,1
DA:43,1
DA:45,1
DA:46,0
DA:47,0
DA:50,1
DA:51,1
DA:54,1
DA:55,1
LF:17
LH:15
BRDA:7,0,0,1
BRDA:7,0,1,0
BRDA:45,1,0,0
BRDA:45,1,1,1
BRDA:51,2,0,0
BRDA:51,2,1,1
BRF:6
BRH:3
end_of_record
TN:
SF:src\constants\error-reference.ts
FNF:0
FNH:0
DA:1,1
LF:1
LH:1
BRF:0
BRH:0
end_of_record
TN:
SF:src\constants\type.ts
FNF:0
FNH:0
DA:1,2
DA:8,2
DA:14,2
DA:16,2
DA:22,2
DA:24,2
DA:30,2
DA:32,2
DA:40,2
DA:48,2
LF:10
LH:10
BRF:0
BRH:0
end_of_record
TN:
SF:src\utils\crypto.ts
FN:4,(anonymous_1)
FN:6,(anonymous_2)
FNF:2
FNH:2
FNDA:3,(anonymous_1)
FNDA:2,(anonymous_2)
DA:1,1
DA:2,1
DA:4,3
DA:6,2
LF:4
LH:4
BRF:0
BRH:0
end_of_record
TN:
SF:src\utils\helpers.ts
FN:4,(anonymous_1)
FN:5,(anonymous_2)
FN:11,(anonymous_3)
FNF:3
FNH:2
FNDA:2,(anonymous_1)
FNDA:2,(anonymous_2)
FNDA:0,(anonymous_3)
DA:1,1
DA:2,1
DA:4,2
DA:5,1
DA:6,2
DA:7,1
DA:11,1
DA:12,0
DA:13,0
LF:9
LH:7
BRDA:6,0,0,1
BRDA:6,0,1,1
BRF:2
BRH:2
end_of_record
TN:
SF:src\utils\jwt.ts
FN:7,(anonymous_1)
FN:30,(anonymous_2)
FN:53,(anonymous_3)
FN:60,(anonymous_4)
FNF:4
FNH:4
FNDA:2,(anonymous_1)
FNDA:2,(anonymous_2)
FNDA:2,(anonymous_3)
FNDA:2,(anonymous_4)
DA:1,1
DA:2,1
DA:4,1
DA:5,1
DA:7,1
DA:13,2
DA:14,2
DA:26,2
DA:27,2
DA:30,1
DA:36,2
DA:37,2
DA:49,2
DA:50,2
DA:53,1
DA:54,2
DA:57,2
DA:60,1
DA:61,2
DA:64,2
LF:20
LH:20
BRDA:14,0,0,1
BRDA:14,0,1,1
BRDA:37,1,0,1
BRDA:37,1,1,1
BRF:4
BRH:4
end_of_record
